PLINK v1.90b6.18 64-bit (16 Jun 2020)
Options in effect:
  --adjust
  --bfile data/qc_data_remedy
  --logistic
  --out inst/plink/assoc_results

Hostname: DESKTOP-0L13TL5
Working directory: C:\Users\lharr\OneDrive - University of Iowa\adv-gwas-tutorial
Start time: Fri Sep 18 17:27:18 2020

Random number seed: 1600468038
16105 MB RAM detected; reserving 8052 MB for main workspace.
752675 variants loaded from .bim file.
1401 people (937 males, 464 females) loaded from .fam.
1401 phenotype values loaded from .fam.
Using 1 thread (no multithreaded calculations invoked).
Before main variant filters, 1401 founders and 0 nonfounders present.
Calculating allele frequencies... done.
Total genotyping rate is 0.988291.
752675 variants and 1401 people pass filters and QC.
Among remaining phenotypes, 933 are cases and 468 are controls.
Writing logistic model association results to
inst/plink/assoc_results.assoc.logistic ... done.
--adjust: Genomic inflation est. lambda (based on median chisq) = 1.
--adjust values (746178 variants) written to
inst/plink/assoc_results.assoc.logistic.adjusted .

End time: Fri Sep 18 17:27:42 2020
